2025-07-22 09:28:13,113 - INFO - Auto-added stock APARINDS.NS to alerts with strategy V20, initial price \u20b99258.00, alert price \u20b96306.50, target price \u20b99312.00
2025-07-22 09:28:21,006 - ERROR - APARINDS.NS: Period '1y2mo' is invalid, must be of the format 1d, 5d, 1mo, 3mo, 6mo, 1y, 2y, 5y, 10y, ytd, max, etc.
2025-07-22 09:28:21,008 - WARNING - No historical data for APARINDS.NS
2025-07-22 10:18:45,629 - ERROR - 429 Client Error: Too Many Requests for url: https://query2.finance.yahoo.com/v10/finance/quoteSummary/APARINDS.NS?modules=financialData%2CquoteType%2CdefaultKeyStatistics%2CassetProfile%2CsummaryDetail&corsDomain=finance.yahoo.com&formatted=false&symbol=APARINDS.NS&crumb=Edge%3A+Too+Many+Requests
2025-07-22 10:18:47,364 - ERROR - JSON decode error for APARINDS.NS: Expecting value: line 1 column 1 (char 0)
2025-07-22 10:24:12,287 - ERROR - 429 Client Error: Too Many Requests for url: https://query2.finance.yahoo.com/v10/finance/quoteSummary/APARINDS.NS?modules=financialData%2CquoteType%2CdefaultKeyStatistics%2CassetProfile%2CsummaryDetail&corsDomain=finance.yahoo.com&formatted=false&symbol=APARINDS.NS&crumb=Edge%3A+Too+Many+Requests
2025-07-22 10:24:12,377 - ERROR - JSON decode error for APARINDS.NS: Expecting value: line 1 column 1 (char 0)
2025-07-22 10:29:38,497 - ERROR - 429 Client Error: Too Many Requests for url: https://query2.finance.yahoo.com/v10/finance/quoteSummary/APARINDS.NS?modules=financialData%2CquoteType%2CdefaultKeyStatistics%2CassetProfile%2CsummaryDetail&corsDomain=finance.yahoo.com&formatted=false&symbol=APARINDS.NS&crumb=Edge%3A+Too+Many+Requests
2025-07-22 10:29:38,567 - ERROR - JSON decode error for APARINDS.NS: Expecting value: line 1 column 1 (char 0)
2025-07-22 10:34:43,817 - ERROR - 429 Client Error: Too Many Requests for url: https://query2.finance.yahoo.com/v10/finance/quoteSummary/APARINDS.NS?modules=financialData%2CquoteType%2CdefaultKeyStatistics%2CassetProfile%2CsummaryDetail&corsDomain=finance.yahoo.com&formatted=false&symbol=APARINDS.NS&crumb=Edge%3A+Too+Many+Requests
2025-07-22 10:34:43,868 - ERROR - JSON decode error for APARINDS.NS: Expecting value: line 1 column 1 (char 0)
2025-07-22 10:36:46,439 - ERROR - 
1 Failed download:
2025-07-22 10:36:46,439 - ERROR - ['APARINDS.NS']: JSONDecodeError('Expecting value: line 1 column 1 (char 0)')
2025-07-22 10:37:11,359 - ERROR - 429 Client Error: Too Many Requests for url: https://query2.finance.yahoo.com/v10/finance/quoteSummary/APARINDS.NS?modules=financialData%2CquoteType%2CdefaultKeyStatistics%2CassetProfile%2CsummaryDetail&corsDomain=finance.yahoo.com&formatted=false&symbol=APARINDS.NS&crumb=Edge%3A+Too+Many+Requests
2025-07-22 10:37:11,362 - ERROR - JSON decode error for APARINDS.NS: Expecting value: line 1 column 1 (char 0)
2025-07-22 10:37:35,293 - ERROR - 429 Client Error: Too Many Requests for url: https://query2.finance.yahoo.com/v10/finance/quoteSummary/APARINDS.NS?modules=financialData%2CquoteType%2CdefaultKeyStatistics%2CassetProfile%2CsummaryDetail&corsDomain=finance.yahoo.com&formatted=false&symbol=APARINDS.NS&crumb=Edge%3A+Too+Many+Requests
2025-07-22 10:37:35,294 - ERROR - JSON decode error for APARINDS.NS: Expecting value: line 1 column 1 (char 0)
2025-07-22 10:38:08,534 - ERROR - 
1 Failed download:
2025-07-22 10:38:08,535 - ERROR - ['3MINDIA.NS']: JSONDecodeError('Expecting value: line 1 column 1 (char 0)')
2025-07-22 10:38:31,153 - ERROR - 
1 Failed download:
2025-07-22 10:38:31,153 - ERROR - ['ABSLAMC.NS']: JSONDecodeError('Expecting value: line 1 column 1 (char 0)')
2025-07-22 10:38:32,687 - ERROR - 
1 Failed download:
2025-07-22 10:38:32,687 - ERROR - ['ACE.NS']: JSONDecodeError('Expecting value: line 1 column 1 (char 0)')
2025-07-22 10:38:34,250 - ERROR - 
1 Failed download:
2025-07-22 10:38:34,250 - ERROR - ['AIIL.NS']: JSONDecodeError('Expecting value: line 1 column 1 (char 0)')
2025-07-22 10:38:35,808 - ERROR - Failed to get ticker 'AJAXENGG.NS' reason: Expecting value: line 1 column 1 (char 0)
2025-07-22 10:38:35,819 - ERROR - 
1 Failed download:
2025-07-22 10:38:35,819 - ERROR - ['AJAXENGG.NS']: YFTzMissingError('$%ticker%: possibly delisted; no timezone found')
2025-07-22 10:38:37,428 - ERROR - 
1 Failed download:
2025-07-22 10:38:37,428 - ERROR - ['AKZOINDIA.NS']: JSONDecodeError('Expecting value: line 1 column 1 (char 0)')
2025-07-22 10:38:38,963 - ERROR - 
1 Failed download:
2025-07-22 10:38:38,963 - ERROR - ['ALIVUS.NS']: JSONDecodeError('Expecting value: line 1 column 1 (char 0)')
2025-07-22 10:38:40,501 - ERROR - 
1 Failed download:
2025-07-22 10:38:40,502 - ERROR - ['ALKEM.NS']: JSONDecodeError('Expecting value: line 1 column 1 (char 0)')
2025-07-22 10:38:40,517 - ERROR - 
1 Failed download:
2025-07-22 10:38:40,517 - ERROR - ['APARINDS.NS']: JSONDecodeError('Expecting value: line 1 column 1 (char 0)')
2025-07-22 10:38:42,082 - ERROR - 
1 Failed download:
2025-07-22 10:38:42,083 - ERROR - ['APLAPOLLO.NS']: JSONDecodeError('Expecting value: line 1 column 1 (char 0)')
2025-07-22 10:38:43,777 - ERROR - 
1 Failed download:
2025-07-22 10:38:43,777 - ERROR - ['ASTRAL.NS']: JSONDecodeError('Expecting value: line 1 column 1 (char 0)')
2025-07-22 10:38:45,272 - ERROR - 
1 Failed download:
2025-07-22 10:38:45,273 - ERROR - ['BAYERCROP.NS']: JSONDecodeError('Expecting value: line 1 column 1 (char 0)')
2025-07-22 10:38:46,782 - ERROR - 
1 Failed download:
2025-07-22 10:38:46,782 - ERROR - ['BLS.NS']: JSONDecodeError('Expecting value: line 1 column 1 (char 0)')
2025-07-22 10:38:48,329 - ERROR - Failed to get ticker 'BLUEJET.NS' reason: Expecting value: line 1 column 1 (char 0)
2025-07-22 10:38:48,332 - ERROR - 
1 Failed download:
2025-07-22 10:38:48,333 - ERROR - ['BLUEJET.NS']: YFTzMissingError('$%ticker%: possibly delisted; no timezone found')
2025-07-22 10:38:49,889 - ERROR - 
1 Failed download:
2025-07-22 10:38:49,889 - ERROR - ['BSOFT.NS']: JSONDecodeError('Expecting value: line 1 column 1 (char 0)')
2025-07-22 10:38:51,381 - ERROR - 
1 Failed download:
2025-07-22 10:38:51,381 - ERROR - ['CAPLIPOINT.NS']: JSONDecodeError('Expecting value: line 1 column 1 (char 0)')
2025-07-22 10:38:53,040 - ERROR - 
1 Failed download:
2025-07-22 10:38:53,040 - ERROR - ['CASTROLIND.NS']: JSONDecodeError('Expecting value: line 1 column 1 (char 0)')
2025-07-22 10:38:56,179 - ERROR - 429 Client Error: Too Many Requests for url: https://query2.finance.yahoo.com/v10/finance/quoteSummary/APARINDS.NS?modules=financialData%2CquoteType%2CdefaultKeyStatistics%2CassetProfile%2CsummaryDetail&corsDomain=finance.yahoo.com&formatted=false&symbol=APARINDS.NS&crumb=Edge%3A+Too+Many+Requests
2025-07-22 10:38:56,180 - ERROR - JSON decode error for APARINDS.NS: Expecting value: line 1 column 1 (char 0)
2025-07-22 10:39:46,080 - ERROR - 429 Client Error: Too Many Requests for url: https://query2.finance.yahoo.com/v10/finance/quoteSummary/APARINDS.NS?modules=financialData%2CquoteType%2CdefaultKeyStatistics%2CassetProfile%2CsummaryDetail&corsDomain=finance.yahoo.com&formatted=false&symbol=APARINDS.NS&crumb=Edge%3A+Too+Many+Requests
2025-07-22 10:39:46,083 - ERROR - JSON decode error for APARINDS.NS: Expecting value: line 1 column 1 (char 0)
2025-07-22 10:39:48,610 - ERROR - 429 Client Error: Too Many Requests for url: https://query2.finance.yahoo.com/v10/finance/quoteSummary/APARINDS.NS?modules=financialData%2CquoteType%2CdefaultKeyStatistics%2CassetProfile%2CsummaryDetail&corsDomain=finance.yahoo.com&formatted=false&symbol=APARINDS.NS&crumb=Edge%3A+Too+Many+Requests
2025-07-22 10:39:48,611 - ERROR - JSON decode error for APARINDS.NS: Expecting value: line 1 column 1 (char 0)
2025-07-22 10:39:54,727 - ERROR - 
1 Failed download:
2025-07-22 10:39:54,727 - ERROR - ['3MINDIA.NS']: JSONDecodeError('Expecting value: line 1 column 1 (char 0)')
2025-07-22 10:39:54,754 - ERROR - 
1 Failed download:
2025-07-22 10:39:54,755 - ERROR - ['ABSLAMC.NS']: JSONDecodeError('Expecting value: line 1 column 1 (char 0)')
2025-07-22 10:39:54,800 - ERROR - 
1 Failed download:
2025-07-22 10:39:54,800 - ERROR - ['ACE.NS']: JSONDecodeError('Expecting value: line 1 column 1 (char 0)')
2025-07-22 10:39:54,817 - ERROR - 
1 Failed download:
2025-07-22 10:39:54,817 - ERROR - ['AIIL.NS']: JSONDecodeError('Expecting value: line 1 column 1 (char 0)')
2025-07-22 10:39:54,825 - ERROR - Failed to get ticker 'AJAXENGG.NS' reason: Expecting value: line 1 column 1 (char 0)
2025-07-22 10:39:54,836 - ERROR - 
1 Failed download:
2025-07-22 10:39:54,836 - ERROR - ['AJAXENGG.NS']: YFTzMissingError('$%ticker%: possibly delisted; no timezone found')
2025-07-22 10:39:54,862 - ERROR - 
1 Failed download:
2025-07-22 10:39:54,863 - ERROR - ['AKZOINDIA.NS']: JSONDecodeError('Expecting value: line 1 column 1 (char 0)')
2025-07-22 10:39:54,879 - ERROR - 
1 Failed download:
2025-07-22 10:39:54,881 - ERROR - ['ALIVUS.NS']: JSONDecodeError('Expecting value: line 1 column 1 (char 0)')
2025-07-22 10:39:54,898 - ERROR - 
1 Failed download:
2025-07-22 10:39:54,899 - ERROR - ['ALKEM.NS']: JSONDecodeError('Expecting value: line 1 column 1 (char 0)')
2025-07-22 10:39:54,919 - ERROR - 
1 Failed download:
2025-07-22 10:39:54,920 - ERROR - ['APARINDS.NS']: JSONDecodeError('Expecting value: line 1 column 1 (char 0)')
2025-07-22 10:39:54,936 - ERROR - 
1 Failed download:
2025-07-22 10:39:54,936 - ERROR - ['APLAPOLLO.NS']: JSONDecodeError('Expecting value: line 1 column 1 (char 0)')
2025-07-22 10:39:54,950 - ERROR - 
1 Failed download:
2025-07-22 10:39:54,951 - ERROR - ['ASTRAL.NS']: JSONDecodeError('Expecting value: line 1 column 1 (char 0)')
2025-07-22 10:39:54,964 - ERROR - 
1 Failed download:
2025-07-22 10:39:54,965 - ERROR - ['BAYERCROP.NS']: JSONDecodeError('Expecting value: line 1 column 1 (char 0)')
2025-07-22 10:39:54,981 - ERROR - 
1 Failed download:
2025-07-22 10:39:54,982 - ERROR - ['BLS.NS']: JSONDecodeError('Expecting value: line 1 column 1 (char 0)')
2025-07-22 10:39:54,987 - ERROR - Failed to get ticker 'BLUEJET.NS' reason: Expecting value: line 1 column 1 (char 0)
2025-07-22 10:39:54,996 - ERROR - 
1 Failed download:
2025-07-22 10:39:54,998 - ERROR - ['BLUEJET.NS']: YFTzMissingError('$%ticker%: possibly delisted; no timezone found')
2025-07-22 10:39:55,012 - ERROR - 
1 Failed download:
2025-07-22 10:39:55,012 - ERROR - ['BSOFT.NS']: JSONDecodeError('Expecting value: line 1 column 1 (char 0)')
2025-07-22 10:39:55,028 - ERROR - 
1 Failed download:
2025-07-22 10:39:55,028 - ERROR - ['CAPLIPOINT.NS']: JSONDecodeError('Expecting value: line 1 column 1 (char 0)')
2025-07-22 10:39:55,046 - ERROR - 
1 Failed download:
2025-07-22 10:39:55,046 - ERROR - ['CASTROLIND.NS']: JSONDecodeError('Expecting value: line 1 column 1 (char 0)')
2025-07-22 10:39:57,269 - ERROR - 
1 Failed download:
2025-07-22 10:39:57,270 - ERROR - ['CELLO.NS']: JSONDecodeError('Expecting value: line 1 column 1 (char 0)')
2025-07-22 10:39:59,250 - ERROR - 
1 Failed download:
2025-07-22 10:39:59,250 - ERROR - ['CERA.NS']: JSONDecodeError('Expecting value: line 1 column 1 (char 0)')
2025-07-22 10:40:01,613 - ERROR - 
1 Failed download:
2025-07-22 10:40:01,614 - ERROR - ['CGPOWER.NS']: JSONDecodeError('Expecting value: line 1 column 1 (char 0)')
2025-07-22 10:40:03,965 - ERROR - Failed to get ticker 'CIGNITITEC.NS' reason: Expecting value: line 1 column 1 (char 0)
2025-07-22 10:40:03,973 - ERROR - 
1 Failed download:
2025-07-22 10:40:03,973 - ERROR - ['CIGNITITEC.NS']: YFTzMissingError('$%ticker%: possibly delisted; no timezone found')
2025-07-22 10:40:06,526 - ERROR - 
1 Failed download:
2025-07-22 10:40:06,526 - ERROR - ['CLEAN.NS']: JSONDecodeError('Expecting value: line 1 column 1 (char 0)')
2025-07-22 10:40:09,252 - ERROR - 
1 Failed download:
2025-07-22 10:40:09,253 - ERROR - ['COCHINSHIP.NS']: JSONDecodeError('Expecting value: line 1 column 1 (char 0)')
2025-07-22 10:40:11,812 - ERROR - 
1 Failed download:
2025-07-22 10:40:11,812 - ERROR - ['COFORGE.NS']: JSONDecodeError('Expecting value: line 1 column 1 (char 0)')
2025-07-22 10:40:26,698 - ERROR - 429 Client Error: Too Many Requests for url: https://query2.finance.yahoo.com/v10/finance/quoteSummary/APARINDS.NS?modules=financialData%2CquoteType%2CdefaultKeyStatistics%2CassetProfile%2CsummaryDetail&corsDomain=finance.yahoo.com&formatted=false&symbol=APARINDS.NS&crumb=Edge%3A+Too+Many+Requests
2025-07-22 10:40:29,042 - ERROR - JSON decode error for APARINDS.NS: Expecting value: line 1 column 1 (char 0)
2025-07-22 10:40:43,762 - ERROR - 429 Client Error: Too Many Requests for url: https://query2.finance.yahoo.com/v10/finance/quoteSummary/APARINDS.NS?modules=financialData%2CquoteType%2CdefaultKeyStatistics%2CassetProfile%2CsummaryDetail&corsDomain=finance.yahoo.com&formatted=false&symbol=APARINDS.NS&crumb=Edge%3A+Too+Many+Requests
2025-07-22 10:40:43,763 - ERROR - JSON decode error for APARINDS.NS: Expecting value: line 1 column 1 (char 0)
2025-07-22 10:40:46,761 - ERROR - 
1 Failed download:
2025-07-22 10:40:46,762 - ERROR - ['3MINDIA.NS']: JSONDecodeError('Expecting value: line 1 column 1 (char 0)')
2025-07-22 10:40:48,377 - ERROR - 
1 Failed download:
2025-07-22 10:40:48,377 - ERROR - ['ABSLAMC.NS']: JSONDecodeError('Expecting value: line 1 column 1 (char 0)')
2025-07-22 10:40:51,494 - ERROR - 
1 Failed download:
2025-07-22 10:40:51,494 - ERROR - ['ACE.NS']: JSONDecodeError('Expecting value: line 1 column 1 (char 0)')
2025-07-22 10:40:55,332 - ERROR - 
1 Failed download:
2025-07-22 10:40:55,332 - ERROR - ['AIIL.NS']: JSONDecodeError('Expecting value: line 1 column 1 (char 0)')
2025-07-22 10:40:59,120 - ERROR - Failed to get ticker 'AJAXENGG.NS' reason: Expecting value: line 1 column 1 (char 0)
2025-07-22 10:40:59,129 - ERROR - 
1 Failed download:
2025-07-22 10:40:59,129 - ERROR - ['AJAXENGG.NS']: YFTzMissingError('$%ticker%: possibly delisted; no timezone found')
2025-07-22 10:41:02,940 - ERROR - 
1 Failed download:
2025-07-22 10:41:02,940 - ERROR - ['AKZOINDIA.NS']: JSONDecodeError('Expecting value: line 1 column 1 (char 0)')
2025-07-22 10:41:05,886 - ERROR - 
1 Failed download:
2025-07-22 10:41:05,886 - ERROR - ['ALIVUS.NS']: JSONDecodeError('Expecting value: line 1 column 1 (char 0)')
2025-07-22 10:41:09,688 - ERROR - 
1 Failed download:
2025-07-22 10:41:09,688 - ERROR - ['ALKEM.NS']: JSONDecodeError('Expecting value: line 1 column 1 (char 0)')
2025-07-22 10:41:13,268 - ERROR - 
1 Failed download:
2025-07-22 10:41:13,268 - ERROR - ['APARINDS.NS']: JSONDecodeError('Expecting value: line 1 column 1 (char 0)')
2025-07-22 10:41:16,406 - ERROR - 
1 Failed download:
2025-07-22 10:41:16,406 - ERROR - ['APLAPOLLO.NS']: JSONDecodeError('Expecting value: line 1 column 1 (char 0)')
2025-07-22 10:41:19,170 - ERROR - 
1 Failed download:
2025-07-22 10:41:19,170 - ERROR - ['ASTRAL.NS']: JSONDecodeError('Expecting value: line 1 column 1 (char 0)')
2025-07-22 10:41:22,449 - ERROR - 
1 Failed download:
2025-07-22 10:41:22,450 - ERROR - ['BAYERCROP.NS']: JSONDecodeError('Expecting value: line 1 column 1 (char 0)')
2025-07-22 10:41:25,541 - ERROR - 
1 Failed download:
2025-07-22 10:41:25,542 - ERROR - ['BLS.NS']: JSONDecodeError('Expecting value: line 1 column 1 (char 0)')
2025-07-22 10:41:28,426 - ERROR - Failed to get ticker 'BLUEJET.NS' reason: Expecting value: line 1 column 1 (char 0)
2025-07-22 10:41:28,431 - ERROR - 
1 Failed download:
2025-07-22 10:41:28,431 - ERROR - ['BLUEJET.NS']: YFTzMissingError('$%ticker%: possibly delisted; no timezone found')
2025-07-22 10:41:31,360 - ERROR - 
1 Failed download:
2025-07-22 10:41:31,360 - ERROR - ['BSOFT.NS']: JSONDecodeError('Expecting value: line 1 column 1 (char 0)')
2025-07-22 10:41:35,245 - ERROR - 
1 Failed download:
2025-07-22 10:41:35,245 - ERROR - ['CAPLIPOINT.NS']: JSONDecodeError('Expecting value: line 1 column 1 (char 0)')
2025-07-22 10:41:38,491 - ERROR - 
1 Failed download:
2025-07-22 10:41:38,492 - ERROR - ['CASTROLIND.NS']: JSONDecodeError('Expecting value: line 1 column 1 (char 0)')
2025-07-22 10:41:41,381 - ERROR - 429 Client Error: Too Many Requests for url: https://query2.finance.yahoo.com/v10/finance/quoteSummary/APARINDS.NS?modules=financialData%2CquoteType%2CdefaultKeyStatistics%2CassetProfile%2CsummaryDetail&corsDomain=finance.yahoo.com&formatted=false&symbol=APARINDS.NS&crumb=Edge%3A+Too+Many+Requests
2025-07-22 10:41:41,383 - ERROR - JSON decode error for APARINDS.NS: Expecting value: line 1 column 1 (char 0)
2025-07-22 10:41:43,556 - ERROR - 429 Client Error: Too Many Requests for url: https://query2.finance.yahoo.com/v10/finance/quoteSummary/APARINDS.NS?modules=financialData%2CquoteType%2CdefaultKeyStatistics%2CassetProfile%2CsummaryDetail&corsDomain=finance.yahoo.com&formatted=false&symbol=APARINDS.NS&crumb=Edge%3A+Too+Many+Requests
2025-07-22 10:41:43,557 - ERROR - JSON decode error for APARINDS.NS: Expecting value: line 1 column 1 (char 0)
2025-07-22 10:41:45,702 - ERROR - 429 Client Error: Too Many Requests for url: https://query2.finance.yahoo.com/v10/finance/quoteSummary/APARINDS.NS?modules=financialData%2CquoteType%2CdefaultKeyStatistics%2CassetProfile%2CsummaryDetail&corsDomain=finance.yahoo.com&formatted=false&symbol=APARINDS.NS&crumb=Edge%3A+Too+Many+Requests
2025-07-22 10:41:45,703 - ERROR - JSON decode error for APARINDS.NS: Expecting value: line 1 column 1 (char 0)
2025-07-22 10:41:50,367 - ERROR - 
1 Failed download:
2025-07-22 10:41:50,367 - ERROR - ['3MINDIA.NS']: JSONDecodeError('Expecting value: line 1 column 1 (char 0)')
2025-07-22 10:41:50,380 - ERROR - 
1 Failed download:
2025-07-22 10:41:50,380 - ERROR - ['ABSLAMC.NS']: JSONDecodeError('Expecting value: line 1 column 1 (char 0)')
2025-07-22 10:41:50,395 - ERROR - 
1 Failed download:
2025-07-22 10:41:50,395 - ERROR - ['ACE.NS']: JSONDecodeError('Expecting value: line 1 column 1 (char 0)')
2025-07-22 10:41:50,409 - ERROR - 
1 Failed download:
2025-07-22 10:41:50,409 - ERROR - ['AIIL.NS']: JSONDecodeError('Expecting value: line 1 column 1 (char 0)')
2025-07-22 10:41:50,415 - ERROR - Failed to get ticker 'AJAXENGG.NS' reason: Expecting value: line 1 column 1 (char 0)
2025-07-22 10:41:50,423 - ERROR - 
1 Failed download:
2025-07-22 10:41:50,425 - ERROR - ['AJAXENGG.NS']: YFTzMissingError('$%ticker%: possibly delisted; no timezone found')
2025-07-22 10:41:50,439 - ERROR - 
1 Failed download:
2025-07-22 10:41:50,439 - ERROR - ['AKZOINDIA.NS']: JSONDecodeError('Expecting value: line 1 column 1 (char 0)')
2025-07-22 10:41:50,452 - ERROR - 
1 Failed download:
2025-07-22 10:41:50,452 - ERROR - ['ALIVUS.NS']: JSONDecodeError('Expecting value: line 1 column 1 (char 0)')
2025-07-22 10:41:50,465 - ERROR - 
1 Failed download:
2025-07-22 10:41:50,465 - ERROR - ['ALKEM.NS']: JSONDecodeError('Expecting value: line 1 column 1 (char 0)')
2025-07-22 10:41:50,483 - ERROR - 
1 Failed download:
2025-07-22 10:41:50,483 - ERROR - ['APARINDS.NS']: JSONDecodeError('Expecting value: line 1 column 1 (char 0)')
2025-07-22 10:41:50,496 - ERROR - 
1 Failed download:
2025-07-22 10:41:50,496 - ERROR - ['APLAPOLLO.NS']: JSONDecodeError('Expecting value: line 1 column 1 (char 0)')
2025-07-22 10:41:50,509 - ERROR - 
1 Failed download:
2025-07-22 10:41:50,510 - ERROR - ['ASTRAL.NS']: JSONDecodeError('Expecting value: line 1 column 1 (char 0)')
2025-07-22 10:41:50,521 - ERROR - 
1 Failed download:
2025-07-22 10:41:50,522 - ERROR - ['BAYERCROP.NS']: JSONDecodeError('Expecting value: line 1 column 1 (char 0)')
2025-07-22 10:41:50,534 - ERROR - 
1 Failed download:
2025-07-22 10:41:50,534 - ERROR - ['BLS.NS']: JSONDecodeError('Expecting value: line 1 column 1 (char 0)')
2025-07-22 10:41:50,538 - ERROR - Failed to get ticker 'BLUEJET.NS' reason: Expecting value: line 1 column 1 (char 0)
2025-07-22 10:41:50,549 - ERROR - 
1 Failed download:
2025-07-22 10:41:50,550 - ERROR - ['BLUEJET.NS']: YFTzMissingError('$%ticker%: possibly delisted; no timezone found')
2025-07-22 10:41:50,563 - ERROR - 
1 Failed download:
2025-07-22 10:41:50,564 - ERROR - ['BSOFT.NS']: JSONDecodeError('Expecting value: line 1 column 1 (char 0)')
2025-07-22 10:41:50,579 - ERROR - 
1 Failed download:
2025-07-22 10:41:50,579 - ERROR - ['CAPLIPOINT.NS']: JSONDecodeError('Expecting value: line 1 column 1 (char 0)')
2025-07-22 10:41:50,594 - ERROR - 
1 Failed download:
2025-07-22 10:41:50,594 - ERROR - ['CASTROLIND.NS']: JSONDecodeError('Expecting value: line 1 column 1 (char 0)')
2025-07-22 10:41:50,678 - ERROR - 429 Client Error: Too Many Requests for url: https://query2.finance.yahoo.com/v10/finance/quoteSummary/APARINDS.NS?modules=financialData%2CquoteType%2CdefaultKeyStatistics%2CassetProfile%2CsummaryDetail&corsDomain=finance.yahoo.com&formatted=false&symbol=APARINDS.NS&crumb=Edge%3A+Too+Many+Requests
2025-07-22 10:41:50,678 - ERROR - JSON decode error for APARINDS.NS: Expecting value: line 1 column 1 (char 0)
2025-07-22 10:41:53,443 - ERROR - 
1 Failed download:
2025-07-22 10:41:53,443 - ERROR - ['CELLO.NS']: JSONDecodeError('Expecting value: line 1 column 1 (char 0)')
2025-07-22 10:41:56,264 - ERROR - 
1 Failed download:
2025-07-22 10:41:56,264 - ERROR - ['CERA.NS']: JSONDecodeError('Expecting value: line 1 column 1 (char 0)')
2025-07-22 10:41:59,214 - ERROR - 
1 Failed download:
2025-07-22 10:41:59,214 - ERROR - ['CGPOWER.NS']: JSONDecodeError('Expecting value: line 1 column 1 (char 0)')
2025-07-22 10:42:02,321 - ERROR - Failed to get ticker 'CIGNITITEC.NS' reason: Expecting value: line 1 column 1 (char 0)
2025-07-22 10:42:02,331 - ERROR - 
1 Failed download:
2025-07-22 10:42:02,331 - ERROR - ['CIGNITITEC.NS']: YFTzMissingError('$%ticker%: possibly delisted; no timezone found')
2025-07-22 10:42:06,694 - ERROR - 
1 Failed download:
2025-07-22 10:42:06,695 - ERROR - ['CLEAN.NS']: JSONDecodeError('Expecting value: line 1 column 1 (char 0)')
2025-07-22 10:42:21,404 - ERROR - 429 Client Error: Too Many Requests for url: https://query2.finance.yahoo.com/v10/finance/quoteSummary/APARINDS.NS?modules=financialData%2CquoteType%2CdefaultKeyStatistics%2CassetProfile%2CsummaryDetail&corsDomain=finance.yahoo.com&formatted=false&symbol=APARINDS.NS&crumb=Edge%3A+Too+Many+Requests
2025-07-22 10:42:24,463 - ERROR - JSON decode error for APARINDS.NS: Expecting value: line 1 column 1 (char 0)
2025-07-22 10:42:26,724 - ERROR - 429 Client Error: Too Many Requests for url: https://query2.finance.yahoo.com/v10/finance/quoteSummary/APARINDS.NS?modules=financialData%2CquoteType%2CdefaultKeyStatistics%2CassetProfile%2CsummaryDetail&corsDomain=finance.yahoo.com&formatted=false&symbol=APARINDS.NS&crumb=Edge%3A+Too+Many+Requests
2025-07-22 10:42:26,725 - ERROR - JSON decode error for APARINDS.NS: Expecting value: line 1 column 1 (char 0)
2025-07-22 10:42:31,300 - ERROR - 429 Client Error: Too Many Requests for url: https://query2.finance.yahoo.com/v10/finance/quoteSummary/APARINDS.NS?modules=financialData%2CquoteType%2CdefaultKeyStatistics%2CassetProfile%2CsummaryDetail&corsDomain=finance.yahoo.com&formatted=false&symbol=APARINDS.NS&crumb=Edge%3A+Too+Many+Requests
2025-07-22 10:42:31,301 - ERROR - JSON decode error for APARINDS.NS: Expecting value: line 1 column 1 (char 0)
2025-07-22 10:42:33,344 - ERROR - 
1 Failed download:
2025-07-22 10:42:33,344 - ERROR - ['APARINDS.NS']: JSONDecodeError('Expecting value: line 1 column 1 (char 0)')
2025-07-22 10:42:36,583 - ERROR - 429 Client Error: Too Many Requests for url: https://query2.finance.yahoo.com/v10/finance/quoteSummary/APARINDS.NS?modules=financialData%2CquoteType%2CdefaultKeyStatistics%2CassetProfile%2CsummaryDetail&corsDomain=finance.yahoo.com&formatted=false&symbol=APARINDS.NS&crumb=Edge%3A+Too+Many+Requests
2025-07-22 10:42:36,584 - ERROR - JSON decode error for APARINDS.NS: Expecting value: line 1 column 1 (char 0)
2025-07-22 10:47:37,424 - ERROR - 429 Client Error: Too Many Requests for url: https://query2.finance.yahoo.com/v10/finance/quoteSummary/APARINDS.NS?modules=financialData%2CquoteType%2CdefaultKeyStatistics%2CassetProfile%2CsummaryDetail&corsDomain=finance.yahoo.com&formatted=false&symbol=APARINDS.NS&crumb=Edge%3A+Too+Many+Requests
2025-07-22 10:47:37,483 - ERROR - JSON decode error for APARINDS.NS: Expecting value: line 1 column 1 (char 0)
2025-07-22 10:47:40,199 - ERROR - 429 Client Error: Too Many Requests for url: https://query2.finance.yahoo.com/v10/finance/quoteSummary/APARINDS.NS?modules=financialData%2CquoteType%2CdefaultKeyStatistics%2CassetProfile%2CsummaryDetail&corsDomain=finance.yahoo.com&formatted=false&symbol=APARINDS.NS&crumb=Edge%3A+Too+Many+Requests
2025-07-22 10:47:40,201 - ERROR - JSON decode error for APARINDS.NS: Expecting value: line 1 column 1 (char 0)
2025-07-22 10:47:42,331 - ERROR - 429 Client Error: Too Many Requests for url: https://query2.finance.yahoo.com/v10/finance/quoteSummary/APARINDS.NS?modules=financialData%2CquoteType%2CdefaultKeyStatistics%2CassetProfile%2CsummaryDetail&corsDomain=finance.yahoo.com&formatted=false&symbol=APARINDS.NS&crumb=Edge%3A+Too+Many+Requests
2025-07-22 10:47:42,331 - ERROR - JSON decode error for APARINDS.NS: Expecting value: line 1 column 1 (char 0)
2025-07-22 10:47:43,921 - ERROR - 429 Client Error: Too Many Requests for url: https://query2.finance.yahoo.com/v10/finance/quoteSummary/APARINDS.NS?modules=financialData%2CquoteType%2CdefaultKeyStatistics%2CassetProfile%2CsummaryDetail&corsDomain=finance.yahoo.com&formatted=false&symbol=APARINDS.NS&crumb=Edge%3A+Too+Many+Requests
2025-07-22 10:47:43,922 - ERROR - JSON decode error for APARINDS.NS: Expecting value: line 1 column 1 (char 0)
2025-07-22 10:47:46,012 - ERROR - 429 Client Error: Too Many Requests for url: https://query2.finance.yahoo.com/v10/finance/quoteSummary/APARINDS.NS?modules=financialData%2CquoteType%2CdefaultKeyStatistics%2CassetProfile%2CsummaryDetail&corsDomain=finance.yahoo.com&formatted=false&symbol=APARINDS.NS&crumb=Edge%3A+Too+Many+Requests
2025-07-22 10:47:46,014 - ERROR - Error validating ticker APARINDS.NS: Expecting value: line 1 column 1 (char 0)
2025-07-22 10:47:49,098 - ERROR - 429 Client Error: Too Many Requests for url: https://query2.finance.yahoo.com/v10/finance/quoteSummary/APARINDS.NS?modules=financialData%2CquoteType%2CdefaultKeyStatistics%2CassetProfile%2CsummaryDetail&corsDomain=finance.yahoo.com&formatted=false&symbol=APARINDS.NS&crumb=Edge%3A+Too+Many+Requests
2025-07-22 10:47:49,099 - ERROR - JSON decode error for APARINDS.NS: Expecting value: line 1 column 1 (char 0)
2025-07-22 10:49:20,213 - ERROR - 429 Client Error: Too Many Requests for url: https://query2.finance.yahoo.com/v10/finance/quoteSummary/APARINDS.NS?modules=financialData%2CquoteType%2CdefaultKeyStatistics%2CassetProfile%2CsummaryDetail&corsDomain=finance.yahoo.com&formatted=false&symbol=APARINDS.NS&crumb=Edge%3A+Too+Many+Requests
2025-07-22 10:49:20,213 - ERROR - JSON decode error for APARINDS.NS: Expecting value: line 1 column 1 (char 0)
2025-07-22 10:49:26,654 - ERROR - 429 Client Error: Too Many Requests for url: https://query2.finance.yahoo.com/v10/finance/quoteSummary/APARINDS.NS?modules=financialData%2CquoteType%2CdefaultKeyStatistics%2CassetProfile%2CsummaryDetail&corsDomain=finance.yahoo.com&formatted=false&symbol=APARINDS.NS&crumb=Edge%3A+Too+Many+Requests
2025-07-22 10:49:26,655 - ERROR - JSON decode error for APARINDS.NS: Expecting value: line 1 column 1 (char 0)
2025-07-22 10:49:34,358 - ERROR - 429 Client Error: Too Many Requests for url: https://query2.finance.yahoo.com/v10/finance/quoteSummary/APARINDS.NS?modules=financialData%2CquoteType%2CdefaultKeyStatistics%2CassetProfile%2CsummaryDetail&corsDomain=finance.yahoo.com&formatted=false&symbol=APARINDS.NS&crumb=Edge%3A+Too+Many+Requests
2025-07-22 10:49:34,360 - ERROR - JSON decode error for APARINDS.NS: Expecting value: line 1 column 1 (char 0). Retrying after 2 seconds...
2025-07-22 10:49:40,534 - ERROR - 429 Client Error: Too Many Requests for url: https://query2.finance.yahoo.com/v10/finance/quoteSummary/APARINDS.NS?modules=financialData%2CquoteType%2CdefaultKeyStatistics%2CassetProfile%2CsummaryDetail&corsDomain=finance.yahoo.com&formatted=false&symbol=APARINDS.NS&crumb=Edge%3A+Too+Many+Requests
2025-07-22 10:49:40,536 - ERROR - Retry failed for APARINDS.NS: Expecting value: line 1 column 1 (char 0)
2025-07-22 10:49:40,568 - ERROR - 
1 Failed download:
2025-07-22 10:49:40,568 - ERROR - ['APARINDS.NS']: JSONDecodeError('Expecting value: line 1 column 1 (char 0)')
2025-07-22 10:49:40,569 - ERROR - No stock data found for APARINDS.NS. Start date: 2024-01-21, End date: 2025-07-22
2025-07-22 10:49:44,607 - ERROR - 429 Client Error: Too Many Requests for url: https://query2.finance.yahoo.com/v10/finance/quoteSummary/APARINDS.NS?modules=financialData%2CquoteType%2CdefaultKeyStatistics%2CassetProfile%2CsummaryDetail&corsDomain=finance.yahoo.com&formatted=false&symbol=APARINDS.NS&crumb=Edge%3A+Too+Many+Requests
2025-07-22 10:49:44,608 - ERROR - JSON decode error for APARINDS.NS: Expecting value: line 1 column 1 (char 0)
2025-07-22 10:50:53,685 - ERROR - 429 Client Error: Too Many Requests for url: https://query2.finance.yahoo.com/v10/finance/quoteSummary/APARINDS.NS?modules=financialData%2CquoteType%2CdefaultKeyStatistics%2CassetProfile%2CsummaryDetail&corsDomain=finance.yahoo.com&formatted=false&symbol=APARINDS.NS&crumb=Edge%3A+Too+Many+Requests
2025-07-22 10:50:53,686 - ERROR - JSON decode error for APARINDS.NS: Expecting value: line 1 column 1 (char 0)
2025-07-22 10:50:55,850 - ERROR - 429 Client Error: Too Many Requests for url: https://query2.finance.yahoo.com/v10/finance/quoteSummary/APARINDS.NS?modules=financialData%2CquoteType%2CdefaultKeyStatistics%2CassetProfile%2CsummaryDetail&corsDomain=finance.yahoo.com&formatted=false&symbol=APARINDS.NS&crumb=Edge%3A+Too+Many+Requests
2025-07-22 10:50:55,851 - ERROR - JSON decode error for APARINDS.NS: Expecting value: line 1 column 1 (char 0)
2025-07-22 10:51:01,944 - ERROR - 429 Client Error: Too Many Requests for url: https://query2.finance.yahoo.com/v10/finance/quoteSummary/RELIANCE.NS?modules=financialData%2CquoteType%2CdefaultKeyStatistics%2CassetProfile%2CsummaryDetail&corsDomain=finance.yahoo.com&formatted=false&symbol=RELIANCE.NS&crumb=Edge%3A+Too+Many+Requests
2025-07-22 10:51:04,084 - ERROR - JSON decode error for RELIANCE.NS: Expecting value: line 1 column 1 (char 0). Retrying after 2 seconds...
2025-07-22 10:51:08,365 - ERROR - 429 Client Error: Too Many Requests for url: https://query2.finance.yahoo.com/v10/finance/quoteSummary/RELIANCE.NS?modules=financialData%2CquoteType%2CdefaultKeyStatistics%2CassetProfile%2CsummaryDetail&corsDomain=finance.yahoo.com&formatted=false&symbol=RELIANCE.NS&crumb=Edge%3A+Too+Many+Requests
2025-07-22 10:51:08,368 - ERROR - Retry failed for RELIANCE.NS: Expecting value: line 1 column 1 (char 0)
2025-07-22 10:51:10,575 - ERROR - 
1 Failed download:
2025-07-22 10:51:10,575 - ERROR - ['RELIANCE.NS']: JSONDecodeError('Expecting value: line 1 column 1 (char 0)')
2025-07-22 10:51:10,576 - ERROR - No stock data found for RELIANCE.NS. Start date: 2024-01-21, End date: 2025-07-22
2025-07-22 10:51:12,679 - ERROR - 429 Client Error: Too Many Requests for url: https://query2.finance.yahoo.com/v10/finance/quoteSummary/APARINDS.NS?modules=financialData%2CquoteType%2CdefaultKeyStatistics%2CassetProfile%2CsummaryDetail&corsDomain=finance.yahoo.com&formatted=false&symbol=APARINDS.NS&crumb=Edge%3A+Too+Many+Requests
2025-07-22 10:51:12,680 - ERROR - JSON decode error for APARINDS.NS: Expecting value: line 1 column 1 (char 0)
2025-07-22 10:57:15,130 - ERROR - APARINDS.NS: Period '1y2mo' is invalid, must be one of: 1d, 5d, 1mo, 3mo, 6mo, 1y, 2y, 5y, 10y, ytd, max
2025-07-22 10:57:15,140 - WARNING - No historical data for APARINDS.NS
2025-07-22 10:57:22,918 - ERROR - APARINDS.NS: Period '1y2mo' is invalid, must be one of: 1d, 5d, 1mo, 3mo, 6mo, 1y, 2y, 5y, 10y, ytd, max
2025-07-22 10:57:22,919 - WARNING - No historical data for APARINDS.NS
2025-07-22 10:57:31,450 - ERROR - APARINDS.NS: Period '1y2mo' is invalid, must be one of: 1d, 5d, 1mo, 3mo, 6mo, 1y, 2y, 5y, 10y, ytd, max
2025-07-22 10:57:31,451 - WARNING - No historical data for APARINDS.NS
2025-07-22 10:58:04,446 - ERROR - APARINDS.NS: Period '1y2mo' is invalid, must be one of: 1d, 5d, 1mo, 3mo, 6mo, 1y, 2y, 5y, 10y, ytd, max
2025-07-22 10:58:04,447 - WARNING - No historical data for APARINDS.NS
2025-07-22 10:58:09,854 - ERROR - APARINDS.NS: Period '1y2mo' is invalid, must be one of: 1d, 5d, 1mo, 3mo, 6mo, 1y, 2y, 5y, 10y, ytd, max
2025-07-22 10:58:09,855 - WARNING - No historical data for APARINDS.NS
2025-07-22 10:58:15,042 - ERROR - APARINDS.NS: Period '1y2mo' is invalid, must be one of: 1d, 5d, 1mo, 3mo, 6mo, 1y, 2y, 5y, 10y, ytd, max
2025-07-22 10:58:15,043 - WARNING - No historical data for APARINDS.NS
2025-07-22 11:02:26,298 - ERROR - APARINDS.NS: Period '1y2mo' is invalid, must be one of: 1d, 5d, 1mo, 3mo, 6mo, 1y, 2y, 5y, 10y, ytd, max
2025-07-22 11:02:26,300 - WARNING - No historical data for APARINDS.NS
2025-07-22 11:02:28,572 - ERROR - APARINDS.NS: Period '1y2mo' is invalid, must be one of: 1d, 5d, 1mo, 3mo, 6mo, 1y, 2y, 5y, 10y, ytd, max
2025-07-22 11:02:28,572 - WARNING - No historical data for APARINDS.NS
2025-07-22 11:02:41,529 - ERROR - APARINDS.NS: Period '1y2mo' is invalid, must be one of: 1d, 5d, 1mo, 3mo, 6mo, 1y, 2y, 5y, 10y, ytd, max
2025-07-22 11:02:41,530 - WARNING - No historical data for APARINDS.NS
2025-07-22 11:02:52,108 - ERROR - APARINDS.NS: Period '1y2mo' is invalid, must be one of: 1d, 5d, 1mo, 3mo, 6mo, 1y, 2y, 5y, 10y, ytd, max
2025-07-22 11:02:52,108 - WARNING - No historical data for APARINDS.NS
2025-07-22 11:02:57,453 - ERROR - APARINDS.NS: Period '1y2mo' is invalid, must be one of: 1d, 5d, 1mo, 3mo, 6mo, 1y, 2y, 5y, 10y, ytd, max
2025-07-22 11:02:57,454 - WARNING - No historical data for APARINDS.NS
2025-07-22 11:07:40,949 - ERROR - 
1 Failed download:
2025-07-22 11:07:40,975 - ERROR - ['JWL.NS']: Timeout('Failed to perform, curl: (28) Operation timed out after 10005 milliseconds with 0 bytes received. See https://curl.se/libcurl/c/libcurl-errors.html first for more details.')
2025-07-22 11:07:40,994 - ERROR - No stock data found for JWL.NS. Start date: 2024-07-22, End date: 2025-07-22
2025-07-22 11:08:11,016 - ERROR - Error validating ticker JYOTHYLAB.NS: Failed to perform, curl: (28) Connection timed out after 30010 milliseconds. See https://curl.se/libcurl/c/libcurl-errors.html first for more details.
2025-07-22 11:08:38,373 - ERROR - Failed to perform, curl: (16) . See https://curl.se/libcurl/c/libcurl-errors.html first for more details.
2025-07-22 11:21:11,510 - ERROR - HTTP Error 404: 
2025-07-22 11:21:12,008 - WARNING - Ticker BAJAJ_AUTO.NS not found on Yahoo Finance. Info response: {'trailingPegRatio': None}
2025-07-22 11:21:13,341 - ERROR - HTTP Error 404: 
2025-07-22 11:21:13,482 - ERROR - 
1 Failed download:
2025-07-22 11:21:13,486 - ERROR - ['BAJAJ_AUTO.NS']: YFTzMissingError('possibly delisted; no timezone found')
2025-07-22 11:21:13,496 - ERROR - No stock data found for BAJAJ_AUTO.NS. Start date: 2024-07-22, End date: 2025-07-22
